{"/home/nolitsou/Documents/dev/homyPi/homyPi_plugins/homyPi-server-musicgraph/server/link.js":{"path":"/home/nolitsou/Documents/dev/homyPi/homyPi_plugins/homyPi-server-musicgraph/server/link.js","s":{"1":1,"2":1,"3":1,"4":1,"5":1,"6":1,"7":1},"b":{},"f":{"1":1,"2":1},"fnMap":{"1":{"name":"load","line":6,"loc":{"start":{"line":4,"column":10},"end":{"line":4,"column":31}}},"2":{"name":"getShared","line":12,"loc":{"start":{"line":10,"column":15},"end":{"line":10,"column":27}}}},"statementMap":{"1":{"start":{"line":1,"column":-15},"end":{"line":1,"column":-15}},"2":{"start":{"line":3,"column":0},"end":{"line":3,"column":0}},"3":{"start":{"line":5,"column":8},"end":{"line":4,"column":31}},"4":{"start":{"line":6,"column":8},"end":{"line":4,"column":31}},"5":{"start":{"line":7,"column":8},"end":{"line":4,"column":31}},"6":{"start":{"line":8,"column":8},"end":{"line":4,"column":31}},"7":{"start":{"line":11,"column":8},"end":{"line":10,"column":27}}},"branchMap":{}},"/home/nolitsou/Documents/dev/homyPi/homyPi_plugins/homyPi-server-musicgraph/server/module/MusicGraph.js":{"path":"/home/nolitsou/Documents/dev/homyPi/homyPi_plugins/homyPi-server-musicgraph/server/module/MusicGraph.js","s":{"1":1,"2":1,"3":1,"4":1,"5":1,"6":1,"7":1,"8":5,"9":5,"10":5,"11":5,"12":5,"13":5,"14":0,"15":0,"16":5,"17":2,"18":2,"19":2,"20":2,"21":2,"22":2,"23":4,"24":2,"25":2,"26":2,"27":2,"28":5,"29":4,"30":4,"31":4,"32":4,"33":4,"34":4,"35":4,"36":4,"37":4,"38":0,"39":0,"40":0,"41":0,"42":0,"43":0,"44":0,"45":0,"46":0,"47":0,"48":4,"49":5,"50":6,"51":6,"52":6,"53":6,"54":0,"55":6,"56":6,"57":6,"58":0,"59":6,"60":6,"61":6,"62":6,"63":2,"64":4,"65":5,"66":1,"67":1,"68":1,"69":1,"70":1,"71":1,"72":1,"73":3,"74":1,"75":1,"76":3,"77":0,"78":3,"79":3,"80":1,"81":1,"82":1,"83":0,"84":0,"85":0,"86":0,"87":0,"88":0,"89":0,"90":0,"91":1,"92":1,"93":1,"94":1,"95":1,"96":1,"97":1,"98":1,"99":1,"100":0,"101":1,"102":1,"103":1,"104":1,"105":1,"106":1,"107":1,"108":1,"109":1,"110":0,"111":0,"112":0,"113":0,"114":0,"115":0,"116":1,"117":6,"118":4,"119":2,"120":1,"121":1},"b":{"1":[8,4],"2":[0,4],"3":[4,4,4],"4":[0,0],"5":[0,0],"6":[0,6],"7":[0,6],"8":[2,4],"9":[0,3],"10":[0,0],"11":[0,1],"12":[1,0],"13":[1,1],"14":[1,0],"15":[4,2]},"f":{"1":5,"2":0,"3":0,"4":2,"5":2,"6":2,"7":4,"8":4,"9":0,"10":6,"11":6,"12":6,"13":1,"14":1,"15":1,"16":3,"17":1,"18":3,"19":0,"20":0,"21":0,"22":1,"23":1,"24":1,"25":1,"26":1,"27":1,"28":6},"fnMap":{"1":{"name":"MusicGraph","line":13,"loc":{"start":{"line":12,"column":17},"end":{"line":12,"column":47}}},"2":{"name":"(anonymous_2)","line":23,"loc":{"start":{"line":21,"column":16},"end":{"line":21,"column":28}}},"3":{"name":"(anonymous_3)","line":24,"loc":{"start":{"line":22,"column":27},"end":{"line":22,"column":46}}},"4":{"name":"(anonymous_4)","line":29,"loc":{"start":{"line":27,"column":29},"end":{"line":27,"column":41}}},"5":{"name":"(anonymous_5)","line":32,"loc":{"start":{"line":28,"column":27},"end":{"line":28,"column":48}}},"6":{"name":"(anonymous_6)","line":39,"loc":{"start":{"line":36,"column":22},"end":{"line":36,"column":33}}},"7":{"name":"(anonymous_7)","line":47,"loc":{"start":{"line":44,"column":21},"end":{"line":44,"column":33}}},"8":{"name":"(anonymous_8)","line":50,"loc":{"start":{"line":45,"column":27},"end":{"line":45,"column":48}}},"9":{"name":"(anonymous_9)","line":59,"loc":{"start":{"line":57,"column":26},"end":{"line":57,"column":37}}},"10":{"name":"(anonymous_10)","line":80,"loc":{"start":{"line":79,"column":34},"end":{"line":79,"column":54}}},"11":{"name":"(anonymous_11)","line":83,"loc":{"start":{"line":80,"column":27},"end":{"line":80,"column":48}}},"12":{"name":"(anonymous_12)","line":96,"loc":{"start":{"line":93,"column":15},"end":{"line":93,"column":46}}},"13":{"name":"(anonymous_13)","line":113,"loc":{"start":{"line":105,"column":20},"end":{"line":105,"column":32}}},"14":{"name":"(anonymous_14)","line":116,"loc":{"start":{"line":106,"column":27},"end":{"line":106,"column":48}}},"15":{"name":"(anonymous_15)","line":118,"loc":{"start":{"line":109,"column":22},"end":{"line":109,"column":28}}},"16":{"name":"(anonymous_16)","line":121,"loc":{"start":{"line":112,"column":46},"end":{"line":112,"column":56}}},"17":{"name":"(anonymous_17)","line":124,"loc":{"start":{"line":116,"column":30},"end":{"line":116,"column":41}}},"18":{"name":"(anonymous_18)","line":125,"loc":{"start":{"line":117,"column":50},"end":{"line":117,"column":66}}},"19":{"name":"(anonymous_19)","line":151,"loc":{"start":{"line":143,"column":33},"end":{"line":143,"column":40}}},"20":{"name":"(anonymous_20)","line":155,"loc":{"start":{"line":147,"column":50},"end":{"line":147,"column":56}}},"21":{"name":"(anonymous_21)","line":162,"loc":{"start":{"line":154,"column":25},"end":{"line":154,"column":40}}},"22":{"name":"(anonymous_22)","line":172,"loc":{"start":{"line":165,"column":26},"end":{"line":165,"column":42}}},"23":{"name":"(anonymous_23)","line":175,"loc":{"start":{"line":167,"column":23},"end":{"line":167,"column":50}}},"24":{"name":"(anonymous_24)","line":182,"loc":{"start":{"line":174,"column":11},"end":{"line":174,"column":42}}},"25":{"name":"(anonymous_25)","line":187,"loc":{"start":{"line":178,"column":50},"end":{"line":178,"column":80}}},"26":{"name":"(anonymous_26)","line":194,"loc":{"start":{"line":185,"column":29},"end":{"line":185,"column":49}}},"27":{"name":"(anonymous_27)","line":197,"loc":{"start":{"line":187,"column":23},"end":{"line":187,"column":50}}},"28":{"name":"(anonymous_28)","line":216,"loc":{"start":{"line":206,"column":28},"end":{"line":206,"column":54}}}},"statementMap":{"1":{"start":{"line":2,"column":0},"end":{"line":2,"column":13}},"2":{"start":{"line":3,"column":0},"end":{"line":3,"column":4}},"3":{"start":{"line":4,"column":0},"end":{"line":4,"column":4}},"4":{"start":{"line":5,"column":0},"end":{"line":5,"column":4}},"5":{"start":{"line":8,"column":0},"end":{"line":8,"column":4}},"6":{"start":{"line":9,"column":0},"end":{"line":9,"column":4}},"7":{"start":{"line":12,"column":0},"end":{"line":12,"column":17}},"8":{"start":{"line":14,"column":4},"end":{"line":12,"column":47}},"9":{"start":{"line":15,"column":4},"end":{"line":12,"column":47}},"10":{"start":{"line":16,"column":4},"end":{"line":12,"column":47}},"11":{"start":{"line":17,"column":4},"end":{"line":12,"column":47}},"12":{"start":{"line":19,"column":4},"end":{"line":12,"column":47}},"13":{"start":{"line":21,"column":4},"end":{"line":12,"column":47}},"14":{"start":{"line":22,"column":8},"end":{"line":21,"column":28}},"15":{"start":{"line":23,"column":12},"end":{"line":22,"column":46}},"16":{"start":{"line":27,"column":4},"end":{"line":12,"column":47}},"17":{"start":{"line":0,"column":0},"end":{"line":0,"column":0},"skip":true},"18":{"start":{"line":28,"column":8},"end":{"line":27,"column":41}},"19":{"start":{"line":29,"column":12},"end":{"line":28,"column":48}},"20":{"start":{"line":30,"column":12},"end":{"line":28,"column":48}},"21":{"start":{"line":31,"column":12},"end":{"line":28,"column":48}},"22":{"start":{"line":32,"column":12},"end":{"line":32,"column":12}},"23":{"start":{"line":33,"column":16},"end":{"line":32,"column":50}},"24":{"start":{"line":35,"column":12},"end":{"line":28,"column":48}},"25":{"start":{"line":37,"column":20},"end":{"line":36,"column":33}},"26":{"start":{"line":38,"column":20},"end":{"line":36,"column":33}},"27":{"start":{"line":39,"column":20},"end":{"line":36,"column":33}},"28":{"start":{"line":44,"column":4},"end":{"line":12,"column":47}},"29":{"start":{"line":0,"column":0},"end":{"line":0,"column":0},"skip":true},"30":{"start":{"line":45,"column":8},"end":{"line":44,"column":33}},"31":{"start":{"line":46,"column":12},"end":{"line":45,"column":48}},"32":{"start":{"line":47,"column":12},"end":{"line":45,"column":48}},"33":{"start":{"line":48,"column":12},"end":{"line":45,"column":48}},"34":{"start":{"line":49,"column":12},"end":{"line":49,"column":12}},"35":{"start":{"line":50,"column":16},"end":{"line":49,"column":65}},"36":{"start":{"line":52,"column":12},"end":{"line":45,"column":48}},"37":{"start":{"line":53,"column":12},"end":{"line":53,"column":12}},"38":{"start":{"line":56,"column":16},"end":{"line":55,"column":47}},"39":{"start":{"line":58,"column":24},"end":{"line":58,"column":24}},"40":{"start":{"line":59,"column":28},"end":{"line":58,"column":45}},"41":{"start":{"line":61,"column":28},"end":{"line":58,"column":45}},"42":{"start":{"line":62,"column":28},"end":{"line":58,"column":45}},"43":{"start":{"line":64,"column":28},"end":{"line":64,"column":28}},"44":{"start":{"line":65,"column":32},"end":{"line":64,"column":51}},"45":{"start":{"line":67,"column":28},"end":{"line":63,"column":31}},"46":{"start":{"line":70,"column":28},"end":{"line":63,"column":31}},"47":{"start":{"line":71,"column":28},"end":{"line":63,"column":31}},"48":{"start":{"line":75,"column":16},"end":{"line":74,"column":19}},"49":{"start":{"line":79,"column":4},"end":{"line":12,"column":47}},"50":{"start":{"line":0,"column":0},"end":{"line":0,"column":0},"skip":true},"51":{"start":{"line":80,"column":8},"end":{"line":79,"column":54}},"52":{"start":{"line":81,"column":12},"end":{"line":80,"column":48}},"53":{"start":{"line":86,"column":12},"end":{"line":86,"column":12}},"54":{"start":{"line":87,"column":16},"end":{"line":86,"column":36}},"55":{"start":{"line":89,"column":12},"end":{"line":80,"column":48}},"56":{"start":{"line":90,"column":12},"end":{"line":80,"column":48}},"57":{"start":{"line":94,"column":16},"end":{"line":94,"column":16}},"58":{"start":{"line":95,"column":20},"end":{"line":94,"column":25}},"59":{"start":{"line":0,"column":0},"end":{"line":0,"column":0},"skip":true},"60":{"start":{"line":0,"column":0},"end":{"line":0,"column":0},"skip":true},"61":{"start":{"line":0,"column":0},"end":{"line":0,"column":0},"skip":true},"62":{"start":{"line":98,"column":16},"end":{"line":98,"column":16}},"63":{"start":{"line":99,"column":20},"end":{"line":98,"column":27}},"64":{"start":{"line":101,"column":16},"end":{"line":93,"column":46}},"65":{"start":{"line":105,"column":4},"end":{"line":12,"column":47}},"66":{"start":{"line":0,"column":0},"end":{"line":0,"column":0},"skip":true},"67":{"start":{"line":106,"column":8},"end":{"line":105,"column":32}},"68":{"start":{"line":107,"column":12},"end":{"line":106,"column":48}},"69":{"start":{"line":108,"column":12},"end":{"line":106,"column":48}},"70":{"start":{"line":110,"column":20},"end":{"line":109,"column":28}},"71":{"start":{"line":111,"column":20},"end":{"line":109,"column":28}},"72":{"start":{"line":112,"column":20},"end":{"line":109,"column":28}},"73":{"start":{"line":113,"column":24},"end":{"line":112,"column":56}},"74":{"start":{"line":115,"column":20},"end":{"line":109,"column":28}},"75":{"start":{"line":117,"column":28},"end":{"line":116,"column":41}},"76":{"start":{"line":118,"column":32},"end":{"line":118,"column":32}},"77":{"start":{"line":119,"column":36},"end":{"line":118,"column":50}},"78":{"start":{"line":121,"column":32},"end":{"line":117,"column":66}},"79":{"start":{"line":122,"column":32},"end":{"line":117,"column":66}},"80":{"start":{"line":140,"column":28},"end":{"line":116,"column":41}},"81":{"start":{"line":141,"column":28},"end":{"line":116,"column":41}},"82":{"start":{"line":142,"column":28},"end":{"line":116,"column":41}},"83":{"start":{"line":144,"column":28},"end":{"line":143,"column":40}},"84":{"start":{"line":145,"column":28},"end":{"line":145,"column":28}},"85":{"start":{"line":146,"column":32},"end":{"line":145,"column":48}},"86":{"start":{"line":147,"column":32},"end":{"line":145,"column":48}},"87":{"start":{"line":148,"column":36},"end":{"line":147,"column":56}},"88":{"start":{"line":149,"column":36},"end":{"line":147,"column":56}},"89":{"start":{"line":152,"column":28},"end":{"line":143,"column":40}},"90":{"start":{"line":155,"column":20},"end":{"line":154,"column":40}},"91":{"start":{"line":161,"column":0},"end":{"line":161,"column":21}},"92":{"start":{"line":162,"column":0},"end":{"line":162,"column":21}},"93":{"start":{"line":165,"column":0},"end":{"line":165,"column":26}},"94":{"start":{"line":167,"column":4},"end":{"line":165,"column":42}},"95":{"start":{"line":168,"column":8},"end":{"line":167,"column":50}},"96":{"start":{"line":169,"column":8},"end":{"line":167,"column":50}},"97":{"start":{"line":170,"column":8},"end":{"line":167,"column":50}},"98":{"start":{"line":171,"column":8},"end":{"line":167,"column":50}},"99":{"start":{"line":175,"column":12},"end":{"line":175,"column":12}},"100":{"start":{"line":176,"column":16},"end":{"line":175,"column":21}},"101":{"start":{"line":178,"column":12},"end":{"line":174,"column":42}},"102":{"start":{"line":179,"column":16},"end":{"line":178,"column":80}},"103":{"start":{"line":185,"column":0},"end":{"line":185,"column":29}},"104":{"start":{"line":187,"column":4},"end":{"line":185,"column":49}},"105":{"start":{"line":188,"column":8},"end":{"line":198,"column":10}},"106":{"start":{"line":189,"column":12},"end":{"line":188,"column":12}},"107":{"start":{"line":190,"column":12},"end":{"line":190,"column":12}},"108":{"start":{"line":191,"column":16},"end":{"line":191,"column":16}},"109":{"start":{"line":192,"column":20},"end":{"line":191,"column":44}},"110":{"start":{"line":194,"column":16},"end":{"line":190,"column":63}},"111":{"start":{"line":196,"column":12},"end":{"line":188,"column":12}},"112":{"start":{"line":197,"column":12},"end":{"line":188,"column":12}},"113":{"start":{"line":199,"column":12},"end":{"line":198,"column":20}},"114":{"start":{"line":200,"column":12},"end":{"line":198,"column":20}},"115":{"start":{"line":201,"column":12},"end":{"line":198,"column":20}},"116":{"start":{"line":206,"column":0},"end":{"line":206,"column":28}},"117":{"start":{"line":207,"column":4},"end":{"line":207,"column":4}},"118":{"start":{"line":208,"column":8},"end":{"line":207,"column":37}},"119":{"start":{"line":210,"column":4},"end":{"line":206,"column":54}},"120":{"start":{"line":213,"column":0},"end":{"line":213,"column":0}},"121":{"start":{"line":217,"column":0},"end":{"line":217,"column":0}}},"branchMap":{"1":{"line":54,"type":"binary-expr","locations":[{"start":{"line":49,"column":19},"end":{"line":49,"column":25}},{"start":{"line":49,"column":31},"end":{"line":49,"column":61}}]},"2":{"line":58,"type":"if","locations":[{"start":{"line":53,"column":12},"end":{"line":53,"column":12}},{"start":{"line":53,"column":12},"end":{"line":53,"column":12}}]},"3":{"line":58,"type":"binary-expr","locations":[{"start":{"line":53,"column":16},"end":{"line":53,"column":17}},{"start":{"line":54,"column":14},"end":{"line":54,"column":15}},{"start":{"line":55,"column":14},"end":{"line":55,"column":15}}]},"4":{"line":60,"type":"if","locations":[{"start":{"line":58,"column":24},"end":{"line":58,"column":24}},{"start":{"line":58,"column":24},"end":{"line":58,"column":24}}]},"5":{"line":65,"type":"if","locations":[{"start":{"line":64,"column":28},"end":{"line":64,"column":28}},{"start":{"line":64,"column":28},"end":{"line":64,"column":28}}]},"6":{"line":89,"type":"if","locations":[{"start":{"line":86,"column":12},"end":{"line":86,"column":12}},{"start":{"line":86,"column":12},"end":{"line":86,"column":12}}]},"7":{"line":97,"type":"if","locations":[{"start":{"line":94,"column":16},"end":{"line":94,"column":16}},{"start":{"line":94,"column":16},"end":{"line":94,"column":16}}]},"8":{"line":106,"type":"if","locations":[{"start":{"line":98,"column":16},"end":{"line":98,"column":16}},{"start":{"line":98,"column":16},"end":{"line":98,"column":16}}]},"9":{"line":126,"type":"if","locations":[{"start":{"line":118,"column":32},"end":{"line":118,"column":32}},{"start":{"line":118,"column":32},"end":{"line":118,"column":32}}]},"10":{"line":153,"type":"if","locations":[{"start":{"line":145,"column":28},"end":{"line":145,"column":28}},{"start":{"line":145,"column":28},"end":{"line":145,"column":28}}]},"11":{"line":184,"type":"if","locations":[{"start":{"line":175,"column":12},"end":{"line":175,"column":12}},{"start":{"line":175,"column":12},"end":{"line":175,"column":12}}]},"12":{"line":200,"type":"if","locations":[{"start":{"line":190,"column":12},"end":{"line":190,"column":12}},{"start":{"line":190,"column":12},"end":{"line":190,"column":12}}]},"13":{"line":200,"type":"binary-expr","locations":[{"start":{"line":190,"column":16},"end":{"line":190,"column":16}},{"start":{"line":190,"column":31},"end":{"line":190,"column":31}}]},"14":{"line":201,"type":"if","locations":[{"start":{"line":191,"column":16},"end":{"line":191,"column":16}},{"start":{"line":191,"column":16},"end":{"line":191,"column":16}}]},"15":{"line":217,"type":"if","locations":[{"start":{"line":207,"column":4},"end":{"line":207,"column":4}},{"start":{"line":207,"column":4},"end":{"line":207,"column":4}}]}}}}