TN:
SF:/home/nolitsou/Documents/dev/homyPi/homyPi_plugins/homyPi-server-musicgraph/server/link.js
FN:6,load
FN:12,getShared
FNF:2
FNH:2
FNDA:1,load
FNDA:1,getShared
DA:1,1
DA:3,1
DA:5,1
DA:6,1
DA:7,1
DA:8,1
DA:11,1
LF:7
LH:7
BRF:0
BRH:0
end_of_record
TN:
SF:/home/nolitsou/Documents/dev/homyPi/homyPi_plugins/homyPi-server-musicgraph/server/module/MusicGraph.js
FN:13,MusicGraph
FN:23,(anonymous_2)
FN:24,(anonymous_3)
FN:29,(anonymous_4)
FN:32,(anonymous_5)
FN:39,(anonymous_6)
FN:47,(anonymous_7)
FN:50,(anonymous_8)
FN:59,(anonymous_9)
FN:80,(anonymous_10)
FN:83,(anonymous_11)
FN:96,(anonymous_12)
FN:113,(anonymous_13)
FN:116,(anonymous_14)
FN:118,(anonymous_15)
FN:121,(anonymous_16)
FN:124,(anonymous_17)
FN:125,(anonymous_18)
FN:151,(anonymous_19)
FN:155,(anonymous_20)
FN:162,(anonymous_21)
FN:172,(anonymous_22)
FN:175,(anonymous_23)
FN:182,(anonymous_24)
FN:187,(anonymous_25)
FN:194,(anonymous_26)
FN:197,(anonymous_27)
FN:216,(anonymous_28)
FNF:28
FNH:22
FNDA:5,MusicGraph
FNDA:0,(anonymous_2)
FNDA:0,(anonymous_3)
FNDA:2,(anonymous_4)
FNDA:2,(anonymous_5)
FNDA:2,(anonymous_6)
FNDA:4,(anonymous_7)
FNDA:4,(anonymous_8)
FNDA:0,(anonymous_9)
FNDA:6,(anonymous_10)
FNDA:6,(anonymous_11)
FNDA:6,(anonymous_12)
FNDA:1,(anonymous_13)
FNDA:1,(anonymous_14)
FNDA:1,(anonymous_15)
FNDA:3,(anonymous_16)
FNDA:1,(anonymous_17)
FNDA:3,(anonymous_18)
FNDA:0,(anonymous_19)
FNDA:0,(anonymous_20)
FNDA:0,(anonymous_21)
FNDA:1,(anonymous_22)
FNDA:1,(anonymous_23)
FNDA:1,(anonymous_24)
FNDA:1,(anonymous_25)
FNDA:1,(anonymous_26)
FNDA:1,(anonymous_27)
FNDA:6,(anonymous_28)
DA:0,6
DA:2,1
DA:3,1
DA:4,1
DA:5,1
DA:8,1
DA:9,1
DA:12,1
DA:14,5
DA:15,5
DA:16,5
DA:17,5
DA:19,5
DA:21,5
DA:22,0
DA:23,0
DA:27,5
DA:28,2
DA:29,2
DA:30,2
DA:31,2
DA:32,2
DA:33,4
DA:35,2
DA:37,2
DA:38,2
DA:39,2
DA:44,5
DA:45,4
DA:46,4
DA:47,4
DA:48,4
DA:49,4
DA:50,4
DA:52,4
DA:53,4
DA:56,0
DA:58,0
DA:59,0
DA:61,0
DA:62,0
DA:64,0
DA:65,0
DA:67,0
DA:70,0
DA:71,0
DA:75,4
DA:79,5
DA:80,6
DA:81,6
DA:86,6
DA:87,0
DA:89,6
DA:90,6
DA:94,6
DA:95,0
DA:98,6
DA:99,2
DA:101,4
DA:105,5
DA:106,1
DA:107,1
DA:108,1
DA:110,1
DA:111,1
DA:112,1
DA:113,3
DA:115,1
DA:117,1
DA:118,3
DA:119,0
DA:121,3
DA:122,3
DA:140,1
DA:141,1
DA:142,1
DA:144,0
DA:145,0
DA:146,0
DA:147,0
DA:148,0
DA:149,0
DA:152,0
DA:155,0
DA:161,1
DA:162,1
DA:165,1
DA:167,1
DA:168,1
DA:169,1
DA:170,1
DA:171,1
DA:175,1
DA:176,0
DA:178,1
DA:179,1
DA:185,1
DA:187,1
DA:188,1
DA:189,1
DA:190,1
DA:191,1
DA:192,1
DA:194,0
DA:196,0
DA:197,0
DA:199,0
DA:200,0
DA:201,0
DA:206,1
DA:207,6
DA:208,4
DA:210,2
DA:213,1
DA:217,1
LF:115
LH:85
BRDA:54,1,0,8
BRDA:54,1,1,4
BRDA:58,2,0,0
BRDA:58,2,1,4
BRDA:58,3,0,4
BRDA:58,3,1,4
BRDA:58,3,2,4
BRDA:60,4,0,0
BRDA:60,4,1,0
BRDA:65,5,0,0
BRDA:65,5,1,0
BRDA:89,6,0,0
BRDA:89,6,1,6
BRDA:97,7,0,0
BRDA:97,7,1,6
BRDA:106,8,0,2
BRDA:106,8,1,4
BRDA:126,9,0,0
BRDA:126,9,1,3
BRDA:153,10,0,0
BRDA:153,10,1,0
BRDA:184,11,0,0
BRDA:184,11,1,1
BRDA:200,12,0,1
BRDA:200,12,1,0
BRDA:200,13,0,1
BRDA:200,13,1,1
BRDA:201,14,0,1
BRDA:201,14,1,0
BRDA:217,15,0,4
BRDA:217,15,1,2
BRF:31
BRH:18
end_of_record
